<?xml version="1.0" encoding="UTF-8"?>
<!-- Generated by org.testng.reporters.JUnitReportReporter -->
<testsuite hostname="CBT-023" name="delta.main.DeltaDriver" tests="2" failures="0" timestamp="4 Sep 2016 11:11:24 GMT" time="24.695" errors="0">
  <testcase name="testScenarios" time="13.297" classname="delta.main.DeltaDriver"/>
  <testcase name="testScenarios" time="11.398" classname="delta.main.DeltaDriver"/>
</testsuite> <!-- delta.main.DeltaDriver -->
